{"level":"info","message":{"body":"","method":"GET","params":{},"query":{},"url":"/api/table/getAllTablesData/"},"timestamp":"2023-12-20 19:23:59"}
{"controller":"table/getAllTableIndex","level":"info","message":"OK","timestamp":"2023-12-20 19:23:59"}
{"level":"info","message":{"body":"","method":"GET","params":{},"query":{},"url":"/api/table/getAllTablesData/"},"timestamp":"2023-12-20 19:27:13"}
{"controller":"table/getAllTableIndex","level":"info","message":"OK","timestamp":"2023-12-20 19:27:13"}
{"level":"info","message":{"body":"","method":"GET","params":{},"query":{},"url":"/api/table/getAllTablesData/"},"timestamp":"2023-12-20 19:32:14"}
{"controller":"table/getAllTableIndex","level":"info","message":"OK","timestamp":"2023-12-20 19:32:14"}
{"level":"info","message":{"body":"","method":"GET","params":{},"query":{},"url":"/api/table/getAllTablesData/"},"timestamp":"2023-12-20 19:32:29"}
{"controller":"table/getAllTableIndex","level":"info","message":"OK","timestamp":"2023-12-20 19:32:30"}
{"level":"info","message":{"body":"","method":"GET","params":{},"query":{},"url":"/api/table/getAllTablesData/"},"timestamp":"2023-12-20 19:34:46"}
{"controller":"table/getAllTableIndex","level":"info","message":"OK","timestamp":"2023-12-20 19:34:46"}
{"level":"info","message":{"body":"","method":"GET","params":{},"query":{},"url":"/api/table/getAllTablesData/"},"timestamp":"2023-12-20 19:34:48"}
{"controller":"table/getAllTableIndex","level":"info","message":"OK","timestamp":"2023-12-20 19:34:48"}
{"level":"info","message":{"body":"","method":"GET","params":{},"query":{},"url":"/api/table/getAllTablesData/"},"timestamp":"2023-12-20 19:34:49"}
{"controller":"table/getAllTableIndex","level":"info","message":"OK","timestamp":"2023-12-20 19:34:49"}
{"level":"info","message":{"body":"","method":"GET","params":{},"query":{},"url":"/api/table/getAllTablesData/"},"timestamp":"2023-12-20 19:34:53"}
{"controller":"table/getAllTableIndex","level":"info","message":"OK","timestamp":"2023-12-20 19:34:53"}
{"level":"info","message":{"body":"","method":"GET","params":{},"query":{},"url":"/api/table/getAllTablesData/"},"timestamp":"2023-12-20 19:36:13"}
{"controller":"table/getAllTablesData","level":"info","message":"OK","timestamp":"2023-12-20 19:36:14"}
{"level":"info","message":{"body":"","method":"GET","params":{},"query":{},"url":"/api/table/getAllTablesData/"},"timestamp":"2023-12-20 19:36:55"}
{"controller":"table/getAllTablesData","level":"info","message":"OK","timestamp":"2023-12-20 19:36:56"}
{"level":"info","message":{"body":"","method":"GET","params":{},"query":{},"url":"/api/table/getAllTablesData/"},"timestamp":"2023-12-20 19:41:03"}
{"controller":"table/getAllTablesData","level":"info","message":"OK","timestamp":"2023-12-20 19:41:04"}
{"level":"info","message":{"body":"","method":"GET","params":{},"query":{},"url":"/api/table/getAllTable/"},"timestamp":"2023-12-20 19:47:02"}
{"controller":"table/getAllTable","level":"info","message":"OK","timestamp":"2023-12-20 19:47:03"}
{"level":"info","message":{"body":"","method":"GET","params":{},"query":{},"url":"/api/table/getAllTable/"},"timestamp":"2023-12-20 19:47:20"}
{"controller":"table/getAllTable","level":"info","message":"OK","timestamp":"2023-12-20 19:47:21"}
{"level":"info","message":{"body":"","method":"GET","params":{},"query":{},"url":"/api/table/getAllTable/"},"timestamp":"2023-12-20 19:47:44"}
{"controller":"table/getAllTable","level":"info","message":"OK","timestamp":"2023-12-20 19:47:44"}
{"level":"info","message":{"body":"","method":"GET","params":{},"query":{},"url":"/api/table/getAllTable/"},"timestamp":"2023-12-20 19:47:55"}
{"controller":"table/getAllTable","level":"info","message":"OK","timestamp":"2023-12-20 19:47:56"}
{"level":"info","message":{"body":"","method":"GET","params":{},"query":{},"url":"/api/table/getAllTablesData/"},"timestamp":"2023-12-20 19:48:57"}
{"controller":"table/getAllTablesData","level":"info","message":"OK","timestamp":"2023-12-20 19:48:57"}
{"level":"info","message":{"body":"","method":"GET","params":{},"query":{},"url":"/api/table/getAllTablesData/"},"timestamp":"2023-12-20 19:49:02"}
{"controller":"table/getAllTablesData","level":"info","message":"OK","timestamp":"2023-12-20 19:49:03"}
{"level":"info","message":{"body":"","method":"GET","params":{},"query":{},"url":"/api/table/getAllTablesData/"},"timestamp":"2023-12-20 19:50:09"}
{"controller":"table/getAllTablesData","level":"info","message":"OK","timestamp":"2023-12-20 19:50:10"}
{"level":"info","message":{"body":"","method":"GET","params":{},"query":{},"url":"/api/table/getAllTablesData/"},"timestamp":"2023-12-20 19:56:49"}
{"controller":"table/getAllTablesData","level":"info","message":"OK","timestamp":"2023-12-20 19:56:50"}
{"level":"info","message":{"body":"","method":"GET","params":{},"query":{},"url":"/api/table/getAllTablesData/"},"timestamp":"2023-12-20 19:56:55"}
{"controller":"table/getAllTablesData","level":"info","message":"OK","timestamp":"2023-12-20 19:56:55"}
{"level":"info","message":{"body":"","method":"GET","params":{},"query":{},"url":"/api/table/getAllTablesData/"},"timestamp":"2023-12-20 20:13:43"}
{"controller":"table/getAllTablesData","level":"info","message":"OK","timestamp":"2023-12-20 20:13:44"}
{"level":"info","message":{"body":"","method":"GET","params":{},"query":{},"url":"/api/table/getAllTablesData/"},"timestamp":"2023-12-20 20:14:04"}
{"controller":"table/getAllTablesData","level":"info","message":"OK","timestamp":"2023-12-20 20:14:05"}
{"level":"info","message":{"body":"","method":"GET","params":{},"query":{},"url":"/api/table/getAllTablesData/"},"timestamp":"2023-12-20 20:14:29"}
{"controller":"table/getAllTablesData","level":"info","message":"OK","timestamp":"2023-12-20 20:14:30"}
{"level":"info","message":{"body":"","method":"GET","params":{},"query":{},"url":"/api/table/getAllTablesData/"},"timestamp":"2023-12-20 20:14:33"}
{"controller":"table/getAllTablesData","level":"info","message":"OK","timestamp":"2023-12-20 20:14:33"}
{"level":"info","message":{"body":"","method":"GET","params":{},"query":{},"url":"/api/table/getAllTablesData/"},"timestamp":"2023-12-20 20:14:43"}
{"controller":"table/getAllTablesData","level":"info","message":"OK","timestamp":"2023-12-20 20:14:44"}
{"level":"info","message":{"body":"","method":"GET","params":{},"query":{},"url":"/api/table/getAllTablesData/"},"timestamp":"2023-12-20 20:14:53"}
{"controller":"table/getAllTablesData","level":"info","message":"OK","timestamp":"2023-12-20 20:14:53"}
{"level":"info","message":{"body":"","method":"GET","params":{},"query":{},"url":"/api/table/getAllTablesData/"},"timestamp":"2023-12-20 20:15:05"}
{"controller":"table/getAllTablesData","level":"info","message":"OK","timestamp":"2023-12-20 20:15:06"}
{"level":"info","message":{"body":"","method":"GET","params":{},"query":{},"url":"/api/table/getAllTablesData/"},"timestamp":"2023-12-20 20:15:53"}
{"controller":"table/getAllTablesData","level":"info","message":"OK","timestamp":"2023-12-20 20:15:53"}
{"level":"info","message":{"body":"","method":"GET","params":{},"query":{},"url":"/api/table/getAllTablesData/"},"timestamp":"2023-12-20 20:16:53"}
{"controller":"table/getAllTablesData","level":"info","message":"OK","timestamp":"2023-12-20 20:16:53"}
{"level":"info","message":{"body":"","method":"GET","params":{},"query":{},"url":"/api/table/getAllTablesData/"},"timestamp":"2023-12-20 20:17:21"}
{"controller":"table/getAllTablesData","level":"info","message":"OK","timestamp":"2023-12-20 20:17:22"}
