{"level":"info","message":{"body":"","method":"GET","params":{},"query":{},"url":"/api/table/getAllTable/"},"timestamp":"2023-12-14 19:41:51"}
{"level":"info","message":{"body":"","method":"GET","params":{},"query":{},"url":"/api/table/getAllTable/"},"timestamp":"2023-12-14 19:42:21"}
{"controller":"table/getAllTable","level":"info","message":"OK","timestamp":"2023-12-14 19:42:22"}
{"level":"info","message":{"body":"","method":"GET","params":{},"query":{},"url":"/api/table/getAllTable/"},"timestamp":"2023-12-14 19:42:26"}
{"controller":"table/getAllTable","level":"info","message":"OK","timestamp":"2023-12-14 19:42:26"}
{"level":"info","message":{"body":"","method":"GET","params":{},"query":{},"url":"/api/table/getAllTable/"},"timestamp":"2023-12-14 19:48:11"}
{"controller":"table/getAllTable","level":"info","message":"OK","timestamp":"2023-12-14 19:48:12"}
{"level":"info","message":{"body":"","method":"GET","params":{},"query":{},"url":"/api/table/getAllTable/"},"timestamp":"2023-12-14 19:50:54"}
{"controller":"table/getAllTable","level":"info","message":"OK","timestamp":"2023-12-14 19:50:55"}
{"level":"info","message":{"body":"","method":"GET","params":{},"query":{},"url":"/api/table/getAllTable/"},"timestamp":"2023-12-14 19:55:46"}
{"controller":"table/getAllTable","level":"info","message":"OK","timestamp":"2023-12-14 19:55:46"}
{"level":"info","message":{"body":"","method":"GET","params":{},"query":{},"url":"/api/table/getAllTable/"},"timestamp":"2023-12-14 19:56:37"}
{"controller":"table/getAllTable","level":"info","message":"OK","timestamp":"2023-12-14 19:56:38"}
{"level":"info","message":{"body":"","method":"GET","params":{},"query":{},"url":"/api/table/getAllTable/"},"timestamp":"2023-12-14 20:00:00"}
{"controller":"table/getAllTable","level":"info","message":"OK","timestamp":"2023-12-14 20:00:01"}
{"level":"info","message":{"body":"","method":"GET","params":{},"query":{},"url":"/api/table/getAllTable/"},"timestamp":"2023-12-14 20:00:49"}
{"controller":"table/getAllTable","level":"info","message":"OK","timestamp":"2023-12-14 20:00:49"}
{"level":"info","message":{"body":"","method":"GET","params":{},"query":{},"url":"/api/table/getAllTable/"},"timestamp":"2023-12-14 20:07:52"}
{"controller":"table/getAllTable","level":"info","message":"OK","timestamp":"2023-12-14 20:07:52"}
{"level":"info","message":{"body":"","method":"GET","params":{},"query":{},"url":"/api/table/getAllTable/"},"timestamp":"2023-12-14 20:15:30"}
{"controller":"table/getAllTable","level":"info","message":"OK","timestamp":"2023-12-14 20:15:31"}
{"level":"info","message":{"body":"","method":"GET","params":{},"query":{},"url":"/api/table/getAllTable/"},"timestamp":"2023-12-15 10:55:10"}
{"controller":"table/getAllTable","level":"info","message":"OK","timestamp":"2023-12-15 10:55:11"}
{"level":"info","message":{"body":"","method":"GET","params":{},"query":{},"url":"/api/table/getAllTable/"},"timestamp":"2023-12-15 10:55:50"}
{"controller":"table/getAllTable","level":"info","message":"OK","timestamp":"2023-12-15 10:55:50"}
{"level":"info","message":{"body":"","method":"GET","params":{},"query":{},"url":"/api/table/getAllTable/"},"timestamp":"2023-12-15 10:57:19"}
{"controller":"table/getAllTable","level":"info","message":"OK","timestamp":"2023-12-15 10:57:20"}
{"level":"info","message":{"body":"","method":"GET","params":{},"query":{},"url":"/api/table/getAllTable/"},"timestamp":"2023-12-15 10:58:40"}
{"controller":"table/getAllTable","level":"info","message":"OK","timestamp":"2023-12-15 10:58:41"}
{"level":"info","message":{"body":"","method":"GET","params":{},"query":{},"url":"/api/table/getAllTable/"},"timestamp":"2023-12-15 10:59:04"}
{"controller":"table/getAllTable","level":"info","message":"OK","timestamp":"2023-12-15 10:59:04"}
{"level":"info","message":{"body":"","method":"GET","params":{},"query":{},"url":"/api/table/getAllTable/"},"timestamp":"2023-12-15 10:59:08"}
{"controller":"table/getAllTable","level":"info","message":"OK","timestamp":"2023-12-15 10:59:08"}
{"level":"info","message":{"body":"","method":"GET","params":{},"query":{},"url":"/api/table/getAllTable/"},"timestamp":"2023-12-15 11:01:01"}
{"controller":"table/getAllTable","level":"info","message":"OK","timestamp":"2023-12-15 11:01:02"}
{"level":"info","message":{"body":"","method":"GET","params":{},"query":{},"url":"/api/table/getAllTable/"},"timestamp":"2023-12-15 11:01:06"}
{"controller":"table/getAllTable","level":"info","message":"OK","timestamp":"2023-12-15 11:01:06"}
{"level":"info","message":{"body":"","method":"GET","params":{},"query":{},"url":"/api/table/getAllTable/"},"timestamp":"2023-12-15 11:01:16"}
{"controller":"table/getAllTable","level":"info","message":"OK","timestamp":"2023-12-15 11:01:16"}
{"level":"info","message":{"body":"","method":"GET","params":{},"query":{},"url":"/api/table/getAllTable/"},"timestamp":"2023-12-15 11:01:18"}
{"controller":"table/getAllTable","level":"info","message":"OK","timestamp":"2023-12-15 11:01:19"}
{"level":"info","message":{"body":"","method":"GET","params":{},"query":{},"url":"/api/table/getAllTable/"},"timestamp":"2023-12-15 11:01:27"}
{"controller":"table/getAllTable","level":"info","message":"OK","timestamp":"2023-12-15 11:01:28"}
{"level":"info","message":{"body":"","method":"GET","params":{},"query":{},"url":"/api/table/getAllTable/"},"timestamp":"2023-12-15 11:01:43"}
{"controller":"table/getAllTable","level":"info","message":"OK","timestamp":"2023-12-15 11:01:43"}
{"level":"info","message":{"body":"","method":"GET","params":{},"query":{},"url":"/api/table/getAllTable/"},"timestamp":"2023-12-15 11:01:46"}
{"controller":"table/getAllTable","level":"info","message":"OK","timestamp":"2023-12-15 11:01:46"}
{"level":"info","message":{"body":"","method":"GET","params":{},"query":{},"url":"/api/table/getAllTable/"},"timestamp":"2023-12-15 11:02:21"}
{"controller":"table/getAllTable","level":"info","message":"OK","timestamp":"2023-12-15 11:02:22"}
{"level":"info","message":{"body":"","method":"GET","params":{},"query":{},"url":"/api/table/getAllTable/"},"timestamp":"2023-12-15 11:02:24"}
{"controller":"table/getAllTable","level":"info","message":"OK","timestamp":"2023-12-15 11:02:24"}
{"level":"info","message":{"body":"","method":"GET","params":{},"query":{},"url":"/api/table/getAllTable/"},"timestamp":"2023-12-15 11:02:32"}
{"controller":"table/getAllTable","level":"info","message":"OK","timestamp":"2023-12-15 11:02:32"}
{"level":"info","message":{"body":"","method":"GET","params":{},"query":{},"url":"/api/table/getAllTable/"},"timestamp":"2023-12-15 11:03:13"}
{"controller":"table/getAllTable","level":"info","message":"OK","timestamp":"2023-12-15 11:03:14"}
{"level":"info","message":{"body":"","method":"GET","params":{},"query":{},"url":"/api/table/getAllTable/"},"timestamp":"2023-12-15 11:03:23"}
{"controller":"table/getAllTable","level":"info","message":"OK","timestamp":"2023-12-15 11:03:23"}
{"level":"info","message":{"body":"","method":"GET","params":{},"query":{},"url":"/api/table/getAllTable/"},"timestamp":"2023-12-15 11:03:57"}
{"controller":"table/getAllTable","level":"info","message":"OK","timestamp":"2023-12-15 11:03:58"}
{"level":"info","message":{"body":"","method":"GET","params":{},"query":{},"url":"/api/table/getAllTable/"},"timestamp":"2023-12-15 11:03:58"}
{"controller":"table/getAllTable","level":"info","message":"OK","timestamp":"2023-12-15 11:03:58"}
{"level":"info","message":{"body":"","method":"GET","params":{},"query":{},"url":"/api/table/getAllTable/"},"timestamp":"2023-12-15 11:04:08"}
{"controller":"table/getAllTable","level":"info","message":"OK","timestamp":"2023-12-15 11:04:09"}
{"level":"info","message":{"body":"","method":"GET","params":{},"query":{},"url":"/api/table/getAllTable/"},"timestamp":"2023-12-15 11:04:26"}
{"controller":"table/getAllTable","level":"info","message":"OK","timestamp":"2023-12-15 11:04:26"}
{"level":"info","message":{"body":"","method":"GET","params":{},"query":{},"url":"/api/table/getAllTable/"},"timestamp":"2023-12-15 11:15:17"}
{"controller":"table/getAllTable","level":"info","message":"OK","timestamp":"2023-12-15 11:15:18"}
{"level":"info","message":{"body":"","method":"GET","params":{},"query":{},"url":"/api/table/getAllTable/"},"timestamp":"2023-12-15 11:15:18"}
{"controller":"table/getAllTable","level":"info","message":"OK","timestamp":"2023-12-15 11:15:18"}
{"level":"info","message":{"body":"","method":"GET","params":{},"query":{},"url":"/api/table/getAllTable/"},"timestamp":"2023-12-15 11:15:42"}
{"controller":"table/getAllTable","level":"info","message":"OK","timestamp":"2023-12-15 11:15:43"}
{"level":"info","message":{"body":"","method":"GET","params":{},"query":{},"url":"/api/table/getAllTable/"},"timestamp":"2023-12-15 11:16:00"}
{"controller":"table/getAllTable","level":"info","message":"OK","timestamp":"2023-12-15 11:16:01"}
{"level":"info","message":{"body":"","method":"GET","params":{},"query":{},"url":"/api/table/getAllTable/"},"timestamp":"2023-12-15 11:16:11"}
{"controller":"table/getAllTable","level":"info","message":"OK","timestamp":"2023-12-15 11:16:12"}
{"level":"info","message":{"body":"","method":"GET","params":{},"query":{},"url":"/api/table/getAllTable/"},"timestamp":"2023-12-15 11:16:20"}
{"controller":"table/getAllTable","level":"info","message":"OK","timestamp":"2023-12-15 11:16:20"}
{"level":"info","message":{"body":"","method":"GET","params":{},"query":{},"url":"/api/table/getAllTable/"},"timestamp":"2023-12-15 11:18:31"}
{"controller":"table/getAllTable","level":"info","message":"OK","timestamp":"2023-12-15 11:18:32"}
{"level":"info","message":{"body":"","method":"GET","params":{},"query":{},"url":"/api/table/getAllTable/"},"timestamp":"2023-12-15 11:18:36"}
{"controller":"table/getAllTable","level":"info","message":"OK","timestamp":"2023-12-15 11:18:36"}
{"level":"info","message":{"body":"","method":"GET","params":{},"query":{},"url":"/api/table/getAllTable/"},"timestamp":"2023-12-15 11:18:53"}
{"controller":"table/getAllTable","level":"info","message":"OK","timestamp":"2023-12-15 11:18:54"}
{"level":"info","message":{"body":"","method":"GET","params":{},"query":{},"url":"/api/table/getAllTable/"},"timestamp":"2023-12-15 11:19:27"}
{"controller":"table/getAllTable","level":"info","message":"OK","timestamp":"2023-12-15 11:19:28"}
{"level":"info","message":{"body":"","method":"GET","params":{},"query":{},"url":"/api/table/getAllTable/"},"timestamp":"2023-12-15 11:28:08"}
{"controller":"table/getAllTable","level":"info","message":"OK","timestamp":"2023-12-15 11:28:08"}
{"level":"info","message":{"body":"","method":"GET","params":{},"query":{},"url":"/api/table/getAllTable/"},"timestamp":"2023-12-15 11:29:30"}
{"controller":"table/getAllTable","level":"info","message":"OK","timestamp":"2023-12-15 11:29:31"}
{"level":"info","message":{"body":"","method":"GET","params":{},"query":{},"url":"/api/table/getAllTable/"},"timestamp":"2023-12-15 11:34:01"}
{"controller":"table/getAllTable","level":"info","message":"OK","timestamp":"2023-12-15 11:34:02"}
{"level":"info","message":{"body":"","method":"GET","params":{},"query":{},"url":"/api/table/getAllTable/"},"timestamp":"2023-12-15 11:36:08"}
{"controller":"table/getAllTable","level":"info","message":"OK","timestamp":"2023-12-15 11:36:09"}
{"level":"info","message":{"body":"","method":"GET","params":{},"query":{},"url":"/api/table/getAllTable/"},"timestamp":"2023-12-15 11:36:29"}
{"controller":"table/getAllTable","level":"info","message":"OK","timestamp":"2023-12-15 11:36:30"}
{"level":"info","message":{"body":"","method":"GET","params":{},"query":{},"url":"/api/table/getAllTable/"},"timestamp":"2023-12-15 11:36:36"}
{"controller":"table/getAllTable","level":"info","message":"OK","timestamp":"2023-12-15 11:36:36"}
{"level":"info","message":{"body":"","method":"GET","params":{},"query":{},"url":"/api/table/getAllTable/"},"timestamp":"2023-12-15 11:37:20"}
{"controller":"table/getAllTable","level":"info","message":"OK","timestamp":"2023-12-15 11:37:21"}
{"level":"info","message":{"body":"","method":"GET","params":{},"query":{},"url":"/api/table/getAllTable/"},"timestamp":"2023-12-15 11:37:42"}
{"controller":"table/getAllTable","level":"info","message":"OK","timestamp":"2023-12-15 11:37:42"}
{"level":"info","message":{"body":"","method":"GET","params":{},"query":{},"url":"/api/table/getAllTable/"},"timestamp":"2023-12-15 11:38:04"}
{"controller":"table/getAllTable","level":"info","message":"OK","timestamp":"2023-12-15 11:38:05"}
{"level":"info","message":{"body":"","method":"GET","params":{},"query":{},"url":"/api/table/getAllTable/"},"timestamp":"2023-12-15 11:40:17"}
{"controller":"table/getAllTable","level":"info","message":"OK","timestamp":"2023-12-15 11:40:18"}
{"level":"info","message":{"body":"","method":"GET","params":{},"query":{},"url":"/api/table/getAllTable/"},"timestamp":"2023-12-15 11:42:19"}
{"controller":"table/getAllTable","level":"info","message":"OK","timestamp":"2023-12-15 11:42:19"}
{"level":"info","message":{"body":"","method":"GET","params":{},"query":{},"url":"/api/table/getAllTable/"},"timestamp":"2023-12-15 11:46:02"}
{"controller":"table/getAllTable","level":"info","message":"OK","timestamp":"2023-12-15 11:46:03"}
{"level":"info","message":{"body":"","method":"GET","params":{},"query":{},"url":"/api/table/getAllTable/"},"timestamp":"2023-12-15 15:42:47"}
{"controller":"table/getAllTable","level":"info","message":"OK","timestamp":"2023-12-15 15:42:48"}
{"level":"info","message":{"body":"","method":"GET","params":{},"query":{},"url":"/api/table/getAllTableField/"},"timestamp":"2023-12-15 15:43:19"}
{"controller":"table/getAllTableField","level":"info","message":"OK","timestamp":"2023-12-15 15:43:20"}
{"level":"info","message":{"body":"","method":"GET","params":{},"query":{},"url":"/api/table/getAllTableField/"},"timestamp":"2023-12-15 15:46:27"}
{"controller":"table/getAllTableField","level":"info","message":"OK","timestamp":"2023-12-15 15:46:28"}
{"level":"info","message":{"body":"","method":"GET","params":{},"query":{},"url":"/api/table/getAllTable/"},"timestamp":"2023-12-15 15:50:59"}
{"controller":"table/getAllTable","level":"info","message":"OK","timestamp":"2023-12-15 15:51:00"}
{"level":"info","message":{"body":"","method":"GET","params":{},"query":{},"url":"/api/table/getAllTable/"},"timestamp":"2023-12-15 15:53:18"}
{"controller":"table/getAllTable","level":"info","message":"OK","timestamp":"2023-12-15 15:53:19"}
{"level":"info","message":{"body":"","method":"GET","params":{},"query":{},"url":"/api/table/getAllTable/"},"timestamp":"2023-12-15 15:54:23"}
{"controller":"table/getAllTable","level":"info","message":"OK","timestamp":"2023-12-15 15:54:23"}
{"level":"info","message":{"body":"","method":"GET","params":{},"query":{},"url":"/api/table/getAllTable/"},"timestamp":"2023-12-15 16:10:07"}
{"controller":"table/getAllTable","level":"info","message":"OK","timestamp":"2023-12-15 16:10:08"}
{"level":"info","message":{"body":"","method":"GET","params":{},"query":{},"url":"/api/table/GetAllTableIndex/"},"timestamp":"2023-12-15 16:10:13"}
{"controller":"table/getAllTableIndex","level":"info","message":"OK","timestamp":"2023-12-15 16:10:13"}
{"level":"info","message":{"body":"","method":"GET","params":{},"query":{},"url":"/api/table/getAllTable/"},"timestamp":"2023-12-15 16:11:14"}
{"controller":"table/getAllTable","level":"info","message":"OK","timestamp":"2023-12-15 16:11:14"}
{"level":"info","message":{"body":"","method":"GET","params":{},"query":{},"url":"/api/table/getAllTable/"},"timestamp":"2023-12-15 16:44:58"}
{"controller":"table/getAllTable","level":"info","message":"OK","timestamp":"2023-12-15 16:44:59"}
{"level":"info","message":{"body":"","method":"GET","params":{},"query":{},"url":"/api/table/getAllTable/"},"timestamp":"2023-12-15 16:45:40"}
{"controller":"table/getAllTable","level":"info","message":"OK","timestamp":"2023-12-15 16:45:41"}
{"level":"info","message":{"body":"","method":"GET","params":{},"query":{},"url":"/api/table/getAllTable/"},"timestamp":"2023-12-15 16:50:56"}
{"controller":"table/getAllTable","level":"info","message":"OK","timestamp":"2023-12-15 16:50:57"}
{"level":"info","message":{"body":"","method":"GET","params":{},"query":{},"url":"/api/table/getAllTable/"},"timestamp":"2023-12-15 16:51:07"}
{"controller":"table/getAllTable","level":"info","message":"OK","timestamp":"2023-12-15 16:51:08"}
{"level":"info","message":{"body":"","method":"GET","params":{},"query":{},"url":"/api/table/getAllTable/"},"timestamp":"2023-12-15 16:51:22"}
{"controller":"table/getAllTable","level":"info","message":"OK","timestamp":"2023-12-15 16:51:22"}
{"level":"info","message":{"body":"","method":"GET","params":{},"query":{},"url":"/api/table/getAllTable/"},"timestamp":"2023-12-15 16:51:52"}
{"controller":"table/getAllTable","level":"info","message":"OK","timestamp":"2023-12-15 16:51:53"}
{"level":"info","message":{"body":"","method":"GET","params":{},"query":{},"url":"/api/table/getAllTable/"},"timestamp":"2023-12-15 16:54:16"}
{"controller":"table/getAllTable","level":"info","message":"OK","timestamp":"2023-12-15 16:54:17"}
{"level":"info","message":{"body":"","method":"GET","params":{},"query":{},"url":"/api/table/getAllTable/"},"timestamp":"2023-12-15 17:02:35"}
{"controller":"table/getAllTable","level":"info","message":"OK","timestamp":"2023-12-15 17:02:36"}
{"level":"info","message":{"body":"","method":"GET","params":{},"query":{},"url":"/api/table/getAllTable/"},"timestamp":"2023-12-15 17:03:03"}
{"controller":"table/getAllTable","level":"info","message":"OK","timestamp":"2023-12-15 17:03:04"}
{"level":"info","message":{"body":"","method":"GET","params":{},"query":{},"url":"/api/table/getAllTable/"},"timestamp":"2023-12-15 17:06:28"}
{"controller":"table/getAllTable","level":"info","message":"OK","timestamp":"2023-12-15 17:06:29"}
{"level":"info","message":{"body":"","method":"GET","params":{},"query":{},"url":"/api/table/getAllTable/"},"timestamp":"2023-12-15 17:06:34"}
{"controller":"table/getAllTable","level":"info","message":"OK","timestamp":"2023-12-15 17:06:34"}
{"level":"info","message":{"body":"","method":"GET","params":{},"query":{},"url":"/api/table/getAllTable/"},"timestamp":"2023-12-15 17:07:06"}
{"controller":"table/getAllTable","level":"info","message":"OK","timestamp":"2023-12-15 17:07:06"}
{"level":"info","message":{"body":"","method":"GET","params":{},"query":{},"url":"/api/table/getAllTable/"},"timestamp":"2023-12-15 17:07:11"}
{"controller":"table/getAllTable","level":"info","message":"OK","timestamp":"2023-12-15 17:07:11"}
{"level":"info","message":{"body":"","method":"GET","params":{},"query":{},"url":"/api/table/getAllTable/"},"timestamp":"2023-12-15 17:08:46"}
{"controller":"table/getAllTable","level":"info","message":"OK","timestamp":"2023-12-15 17:08:46"}
{"level":"info","message":{"body":"","method":"GET","params":{},"query":{},"url":"/api/table/getAllTable/"},"timestamp":"2023-12-15 17:09:12"}
{"controller":"table/getAllTable","level":"info","message":"OK","timestamp":"2023-12-15 17:09:12"}
{"level":"info","message":{"body":"","method":"GET","params":{},"query":{},"url":"/api/table/getAllTable/"},"timestamp":"2023-12-15 17:09:40"}
{"controller":"table/getAllTable","level":"info","message":"OK","timestamp":"2023-12-15 17:09:41"}
{"level":"info","message":{"body":"","method":"GET","params":{},"query":{},"url":"/api/table/getAllTable/"},"timestamp":"2023-12-15 17:13:40"}
{"controller":"table/getAllTable","level":"info","message":"OK","timestamp":"2023-12-15 17:13:41"}
{"level":"info","message":{"body":"","method":"GET","params":{},"query":{},"url":"/api/table/getAllTable/"},"timestamp":"2023-12-15 17:14:00"}
{"controller":"table/getAllTable","level":"info","message":"OK","timestamp":"2023-12-15 17:14:00"}
{"level":"info","message":{"body":"","method":"GET","params":{},"query":{},"url":"/api/table/getAllTable/"},"timestamp":"2023-12-15 17:14:07"}
{"controller":"table/getAllTable","level":"info","message":"OK","timestamp":"2023-12-15 17:14:07"}
{"level":"info","message":{"body":"","method":"GET","params":{},"query":{},"url":"/api/table/getAllTable/"},"timestamp":"2023-12-15 17:14:19"}
{"controller":"table/getAllTable","level":"info","message":"OK","timestamp":"2023-12-15 17:14:20"}
{"level":"info","message":{"body":"","method":"GET","params":{},"query":{},"url":"/api/table/getAllTable/"},"timestamp":"2023-12-15 17:15:55"}
{"controller":"table/getAllTable","level":"info","message":"OK","timestamp":"2023-12-15 17:15:56"}
{"level":"info","message":{"body":"","method":"GET","params":{},"query":{},"url":"/api/table/getAllTable/"},"timestamp":"2023-12-15 17:16:23"}
{"controller":"table/getAllTable","level":"info","message":"OK","timestamp":"2023-12-15 17:16:23"}
{"level":"info","message":{"body":"","method":"GET","params":{},"query":{},"url":"/api/table/getAllTable/"},"timestamp":"2023-12-15 17:16:26"}
{"controller":"table/getAllTable","level":"info","message":"OK","timestamp":"2023-12-15 17:16:26"}
{"level":"info","message":{"body":"","method":"GET","params":{},"query":{},"url":"/api/table/getAllTable/"},"timestamp":"2023-12-15 17:16:34"}
{"controller":"table/getAllTable","level":"info","message":"OK","timestamp":"2023-12-15 17:16:35"}
{"level":"info","message":{"body":"","method":"GET","params":{},"query":{},"url":"/api/table/getAllTable/"},"timestamp":"2023-12-15 17:17:06"}
{"controller":"table/getAllTable","level":"info","message":"OK","timestamp":"2023-12-15 17:17:07"}
{"level":"info","message":{"body":"","method":"GET","params":{},"query":{},"url":"/api/table/getAllTable/"},"timestamp":"2023-12-15 17:17:08"}
{"controller":"table/getAllTable","level":"info","message":"OK","timestamp":"2023-12-15 17:17:08"}
{"level":"info","message":{"body":"","method":"GET","params":{},"query":{},"url":"/api/table/getAllTable/"},"timestamp":"2023-12-15 17:17:14"}
{"controller":"table/getAllTable","level":"info","message":"OK","timestamp":"2023-12-15 17:17:14"}
{"level":"info","message":{"body":"","method":"GET","params":{},"query":{},"url":"/api/table/getAllTable/"},"timestamp":"2023-12-15 17:17:15"}
{"controller":"table/getAllTable","level":"info","message":"OK","timestamp":"2023-12-15 17:17:15"}
{"level":"info","message":{"body":"","method":"GET","params":{},"query":{},"url":"/api/table/getAllTable/"},"timestamp":"2023-12-15 17:17:56"}
{"controller":"table/getAllTable","level":"info","message":"OK","timestamp":"2023-12-15 17:17:56"}
{"level":"info","message":{"body":"","method":"GET","params":{},"query":{},"url":"/api/table/getAllTable/"},"timestamp":"2023-12-15 17:17:57"}
{"controller":"table/getAllTable","level":"info","message":"OK","timestamp":"2023-12-15 17:17:57"}
{"level":"info","message":{"body":"","method":"GET","params":{},"query":{},"url":"/api/table/getAllTable/"},"timestamp":"2023-12-15 17:18:23"}
{"controller":"table/getAllTable","level":"info","message":"OK","timestamp":"2023-12-15 17:18:24"}
{"level":"info","message":{"body":"","method":"GET","params":{},"query":{},"url":"/api/table/getAllTable/"},"timestamp":"2023-12-15 17:18:24"}
{"controller":"table/getAllTable","level":"info","message":"OK","timestamp":"2023-12-15 17:18:25"}
{"level":"info","message":{"body":"","method":"GET","params":{},"query":{},"url":"/api/table/getAllTable/"},"timestamp":"2023-12-15 17:18:27"}
{"controller":"table/getAllTable","level":"info","message":"OK","timestamp":"2023-12-15 17:18:27"}
{"level":"info","message":{"body":"","method":"GET","params":{},"query":{},"url":"/api/table/getAllTable/"},"timestamp":"2023-12-15 17:18:32"}
{"controller":"table/getAllTable","level":"info","message":"OK","timestamp":"2023-12-15 17:18:32"}
{"level":"info","message":{"body":"","method":"GET","params":{},"query":{},"url":"/api/table/getAllTable/"},"timestamp":"2023-12-15 17:18:59"}
{"controller":"table/getAllTable","level":"info","message":"OK","timestamp":"2023-12-15 17:18:59"}
{"level":"info","message":{"body":"","method":"GET","params":{},"query":{},"url":"/api/table/getAllTable/"},"timestamp":"2023-12-15 17:19:01"}
{"controller":"table/getAllTable","level":"info","message":"OK","timestamp":"2023-12-15 17:19:02"}
{"level":"info","message":{"body":"","method":"GET","params":{},"query":{},"url":"/api/table/getAllTable/"},"timestamp":"2023-12-15 17:19:15"}
{"controller":"table/getAllTable","level":"info","message":"OK","timestamp":"2023-12-15 17:19:16"}
{"level":"info","message":{"body":"","method":"GET","params":{},"query":{},"url":"/api/table/getAllTable/"},"timestamp":"2023-12-15 17:19:16"}
{"controller":"table/getAllTable","level":"info","message":"OK","timestamp":"2023-12-15 17:19:17"}
{"level":"info","message":{"body":"","method":"GET","params":{},"query":{},"url":"/api/table/getAllTable/"},"timestamp":"2023-12-15 17:19:33"}
{"controller":"table/getAllTable","level":"info","message":"OK","timestamp":"2023-12-15 17:19:34"}
{"level":"info","message":{"body":"","method":"GET","params":{},"query":{},"url":"/api/table/getAllTable/"},"timestamp":"2023-12-15 17:19:35"}
{"controller":"table/getAllTable","level":"info","message":"OK","timestamp":"2023-12-15 17:19:36"}
{"level":"info","message":{"body":"","method":"GET","params":{},"query":{},"url":"/api/table/getAllTable/"},"timestamp":"2023-12-15 17:19:47"}
{"controller":"table/getAllTable","level":"info","message":"OK","timestamp":"2023-12-15 17:19:47"}
{"level":"info","message":{"body":"","method":"GET","params":{},"query":{},"url":"/api/table/getAllTable/"},"timestamp":"2023-12-15 17:19:48"}
{"controller":"table/getAllTable","level":"info","message":"OK","timestamp":"2023-12-15 17:19:48"}
{"level":"info","message":{"body":"","method":"GET","params":{},"query":{},"url":"/api/table/getAllTable/"},"timestamp":"2023-12-15 17:19:54"}
{"controller":"table/getAllTable","level":"info","message":"OK","timestamp":"2023-12-15 17:19:54"}
{"level":"info","message":{"body":"","method":"GET","params":{},"query":{},"url":"/api/table/getAllTable/"},"timestamp":"2023-12-15 17:19:55"}
{"controller":"table/getAllTable","level":"info","message":"OK","timestamp":"2023-12-15 17:19:55"}
{"level":"info","message":{"body":"","method":"GET","params":{},"query":{},"url":"/api/table/getAllTable/"},"timestamp":"2023-12-15 17:20:07"}
{"controller":"table/getAllTable","level":"info","message":"OK","timestamp":"2023-12-15 17:20:08"}
{"level":"info","message":{"body":"","method":"GET","params":{},"query":{},"url":"/api/table/getAllTable/"},"timestamp":"2023-12-15 17:20:08"}
{"controller":"table/getAllTable","level":"info","message":"OK","timestamp":"2023-12-15 17:20:08"}
{"level":"info","message":{"body":"","method":"GET","params":{},"query":{},"url":"/api/table/getAllTable/"},"timestamp":"2023-12-15 17:20:10"}
{"controller":"table/getAllTable","level":"info","message":"OK","timestamp":"2023-12-15 17:20:11"}
{"level":"info","message":{"body":"","method":"GET","params":{},"query":{},"url":"/api/table/getAllTable/"},"timestamp":"2023-12-15 17:20:16"}
{"controller":"table/getAllTable","level":"info","message":"OK","timestamp":"2023-12-15 17:20:16"}
{"level":"info","message":{"body":"","method":"GET","params":{},"query":{},"url":"/api/table/getAllTable/"},"timestamp":"2023-12-15 17:20:17"}
{"controller":"table/getAllTable","level":"info","message":"OK","timestamp":"2023-12-15 17:20:17"}
{"level":"info","message":{"body":"","method":"GET","params":{},"query":{},"url":"/api/table/getAllTable/"},"timestamp":"2023-12-15 17:20:26"}
{"controller":"table/getAllTable","level":"info","message":"OK","timestamp":"2023-12-15 17:20:26"}
{"level":"info","message":{"body":"","method":"GET","params":{},"query":{},"url":"/api/table/getAllTable/"},"timestamp":"2023-12-15 17:20:27"}
{"controller":"table/getAllTable","level":"info","message":"OK","timestamp":"2023-12-15 17:20:27"}
{"level":"info","message":{"body":"","method":"GET","params":{},"query":{},"url":"/api/table/getAllTable/"},"timestamp":"2023-12-15 17:20:44"}
{"controller":"table/getAllTable","level":"info","message":"OK","timestamp":"2023-12-15 17:20:44"}
{"level":"info","message":{"body":"","method":"GET","params":{},"query":{},"url":"/api/table/getAllTable/"},"timestamp":"2023-12-15 17:20:45"}
{"controller":"table/getAllTable","level":"info","message":"OK","timestamp":"2023-12-15 17:20:45"}
{"level":"info","message":{"body":"","method":"GET","params":{},"query":{},"url":"/api/table/getAllTable/"},"timestamp":"2023-12-15 17:21:03"}
{"controller":"table/getAllTable","level":"info","message":"OK","timestamp":"2023-12-15 17:21:04"}
{"level":"info","message":{"body":"","method":"GET","params":{},"query":{},"url":"/api/table/getAllTable/"},"timestamp":"2023-12-15 17:21:23"}
{"controller":"table/getAllTable","level":"info","message":"OK","timestamp":"2023-12-15 17:21:24"}
{"level":"info","message":{"body":"","method":"GET","params":{},"query":{},"url":"/api/table/getAllTable/"},"timestamp":"2023-12-15 17:21:29"}
{"controller":"table/getAllTable","level":"info","message":"OK","timestamp":"2023-12-15 17:21:29"}
{"level":"info","message":{"body":"","method":"GET","params":{},"query":{},"url":"/api/table/getAllTable/"},"timestamp":"2023-12-15 17:21:33"}
{"controller":"table/getAllTable","level":"info","message":"OK","timestamp":"2023-12-15 17:21:33"}
{"level":"info","message":{"body":"","method":"GET","params":{},"query":{},"url":"/api/table/getAllTable/"},"timestamp":"2023-12-15 17:21:36"}
{"controller":"table/getAllTable","level":"info","message":"OK","timestamp":"2023-12-15 17:21:36"}
{"level":"info","message":{"body":"","method":"GET","params":{},"query":{},"url":"/api/table/getAllTable/"},"timestamp":"2023-12-15 17:22:03"}
{"controller":"table/getAllTable","level":"info","message":"OK","timestamp":"2023-12-15 17:22:04"}
{"level":"info","message":{"body":"","method":"GET","params":{},"query":{},"url":"/api/table/getAllTable/"},"timestamp":"2023-12-15 17:22:05"}
{"controller":"table/getAllTable","level":"info","message":"OK","timestamp":"2023-12-15 17:22:05"}
{"level":"info","message":{"body":"","method":"GET","params":{},"query":{},"url":"/api/table/getAllTable/"},"timestamp":"2023-12-15 17:22:12"}
{"controller":"table/getAllTable","level":"info","message":"OK","timestamp":"2023-12-15 17:22:12"}
{"level":"info","message":{"body":"","method":"GET","params":{},"query":{},"url":"/api/table/getAllTable/"},"timestamp":"2023-12-15 17:22:13"}
{"controller":"table/getAllTable","level":"info","message":"OK","timestamp":"2023-12-15 17:22:13"}
{"level":"info","message":{"body":"","method":"GET","params":{},"query":{},"url":"/api/table/getAllTable/"},"timestamp":"2023-12-15 17:23:39"}
{"controller":"table/getAllTable","level":"info","message":"OK","timestamp":"2023-12-15 17:23:40"}
{"level":"info","message":{"body":"","method":"GET","params":{},"query":{},"url":"/api/table/getAllTable/"},"timestamp":"2023-12-15 17:23:47"}
{"controller":"table/getAllTable","level":"info","message":"OK","timestamp":"2023-12-15 17:23:48"}
{"level":"info","message":{"body":"","method":"GET","params":{},"query":{},"url":"/api/table/getAllTable/"},"timestamp":"2023-12-15 17:23:59"}
{"controller":"table/getAllTable","level":"info","message":"OK","timestamp":"2023-12-15 17:24:00"}
{"level":"info","message":{"body":"","method":"GET","params":{},"query":{},"url":"/api/table/getAllTable/"},"timestamp":"2023-12-15 17:24:03"}
{"controller":"table/getAllTable","level":"info","message":"OK","timestamp":"2023-12-15 17:24:03"}
{"level":"info","message":{"body":"","method":"GET","params":{},"query":{},"url":"/api/table/getAllTable/"},"timestamp":"2023-12-15 17:25:03"}
{"controller":"table/getAllTable","level":"info","message":"OK","timestamp":"2023-12-15 17:25:04"}
{"level":"info","message":{"body":"","method":"GET","params":{},"query":{},"url":"/api/table/getAllTable/"},"timestamp":"2023-12-15 17:27:58"}
{"controller":"table/getAllTable","level":"info","message":"OK","timestamp":"2023-12-15 17:27:59"}
{"level":"info","message":{"body":"","method":"GET","params":{},"query":{},"url":"/api/table/getAllTable/"},"timestamp":"2023-12-15 17:30:00"}
{"controller":"table/getAllTable","level":"info","message":"OK","timestamp":"2023-12-15 17:30:01"}
{"level":"info","message":{"body":"","method":"GET","params":{},"query":{},"url":"/api/table/getAllTable/"},"timestamp":"2023-12-15 17:30:01"}
{"controller":"table/getAllTable","level":"info","message":"OK","timestamp":"2023-12-15 17:30:01"}
{"level":"info","message":{"body":"","method":"GET","params":{},"query":{},"url":"/api/table/getAllTable/"},"timestamp":"2023-12-15 17:30:01"}
{"controller":"table/getAllTable","level":"info","message":"OK","timestamp":"2023-12-15 17:30:01"}
{"level":"info","message":{"body":"","method":"GET","params":{},"query":{},"url":"/api/table/getAllTable/"},"timestamp":"2023-12-15 17:30:45"}
{"controller":"table/getAllTable","level":"info","message":"OK","timestamp":"2023-12-15 17:30:46"}
{"level":"info","message":{"body":"","method":"GET","params":{},"query":{},"url":"/api/table/getAllTable/"},"timestamp":"2023-12-15 17:30:46"}
{"controller":"table/getAllTable","level":"info","message":"OK","timestamp":"2023-12-15 17:30:46"}
{"level":"info","message":{"body":"","method":"GET","params":{},"query":{},"url":"/api/table/getAllTable/"},"timestamp":"2023-12-15 17:30:46"}
{"controller":"table/getAllTable","level":"info","message":"OK","timestamp":"2023-12-15 17:30:46"}
{"level":"info","message":{"body":"","method":"GET","params":{},"query":{},"url":"/api/table/getAllTable/"},"timestamp":"2023-12-15 17:32:16"}
{"controller":"table/getAllTable","level":"info","message":"OK","timestamp":"2023-12-15 17:32:16"}
{"level":"info","message":{"body":"","method":"GET","params":{},"query":{},"url":"/api/table/getAllTable/"},"timestamp":"2023-12-15 17:32:16"}
{"controller":"table/getAllTable","level":"info","message":"OK","timestamp":"2023-12-15 17:32:17"}
{"level":"info","message":{"body":"","method":"GET","params":{},"query":{},"url":"/api/table/getAllTable/"},"timestamp":"2023-12-15 17:32:17"}
{"controller":"table/getAllTable","level":"info","message":"OK","timestamp":"2023-12-15 17:32:17"}
{"level":"info","message":{"body":"","method":"GET","params":{},"query":{},"url":"/api/table/getAllTableField/"},"timestamp":"2023-12-15 17:33:02"}
{"controller":"table/getAllTableField","level":"info","message":"OK","timestamp":"2023-12-15 17:33:02"}
{"level":"info","message":{"body":"","method":"GET","params":{},"query":{},"url":"/api/table/getAllTable/"},"timestamp":"2023-12-15 17:34:06"}
{"controller":"table/getAllTable","level":"info","message":"OK","timestamp":"2023-12-15 17:34:07"}
{"level":"info","message":{"body":"","method":"GET","params":{},"query":{},"url":"/api/table/getAllTable/"},"timestamp":"2023-12-15 17:34:07"}
{"controller":"table/getAllTable","level":"info","message":"OK","timestamp":"2023-12-15 17:34:07"}
{"level":"info","message":{"body":"","method":"GET","params":{},"query":{},"url":"/api/table/getAllTable/"},"timestamp":"2023-12-15 17:34:07"}
{"controller":"table/getAllTable","level":"info","message":"OK","timestamp":"2023-12-15 17:34:07"}
{"level":"info","message":{"body":"","method":"GET","params":{},"query":{},"url":"/api/table/getAllTable/"},"timestamp":"2023-12-15 17:34:38"}
{"controller":"table/getAllTable","level":"info","message":"OK","timestamp":"2023-12-15 17:34:38"}
{"level":"info","message":{"body":"","method":"GET","params":{},"query":{},"url":"/api/table/getAllTable/"},"timestamp":"2023-12-15 17:34:38"}
{"controller":"table/getAllTable","level":"info","message":"OK","timestamp":"2023-12-15 17:34:38"}
{"level":"info","message":{"body":"","method":"GET","params":{},"query":{},"url":"/api/table/getAllTable/"},"timestamp":"2023-12-15 17:34:38"}
{"controller":"table/getAllTable","level":"info","message":"OK","timestamp":"2023-12-15 17:34:39"}
{"level":"info","message":{"body":"","method":"GET","params":{},"query":{},"url":"/api/table/getAllTable/"},"timestamp":"2023-12-15 17:47:16"}
{"controller":"table/getAllTable","level":"info","message":"OK","timestamp":"2023-12-15 17:47:17"}
{"level":"info","message":{"body":"","method":"GET","params":{},"query":{},"url":"/api/table/getAllTable/"},"timestamp":"2023-12-15 17:47:17"}
{"controller":"table/getAllTable","level":"info","message":"OK","timestamp":"2023-12-15 17:47:17"}
{"level":"info","message":{"body":"","method":"GET","params":{},"query":{},"url":"/api/table/getAllTable/"},"timestamp":"2023-12-15 17:47:17"}
{"controller":"table/getAllTable","level":"info","message":"OK","timestamp":"2023-12-15 17:47:17"}
{"level":"info","message":{"body":"","method":"GET","params":{},"query":{},"url":"/api/table/getAllTable/"},"timestamp":"2023-12-15 17:48:07"}
{"controller":"table/getAllTable","level":"info","message":"OK","timestamp":"2023-12-15 17:48:08"}
{"level":"info","message":{"body":"","method":"GET","params":{},"query":{},"url":"/api/table/getAllTable/"},"timestamp":"2023-12-15 17:48:19"}
{"controller":"table/getAllTable","level":"info","message":"OK","timestamp":"2023-12-15 17:48:19"}
{"level":"info","message":{"body":"","method":"GET","params":{},"query":{},"url":"/api/table/getAllTable/"},"timestamp":"2023-12-15 17:52:07"}
{"controller":"table/getAllTable","level":"info","message":"OK","timestamp":"2023-12-15 17:52:08"}
{"level":"info","message":{"body":"","method":"GET","params":{},"query":{},"url":"/api/table/getAllTable/"},"timestamp":"2023-12-15 17:53:51"}
{"controller":"table/getAllTable","level":"info","message":"OK","timestamp":"2023-12-15 17:53:52"}
{"level":"info","message":{"body":"","method":"GET","params":{},"query":{},"url":"/api/table/getAllTableField/"},"timestamp":"2023-12-15 18:04:05"}
{"controller":"table/getAllTableField","level":"info","message":"OK","timestamp":"2023-12-15 18:04:06"}
